\BOOKMARK [0][-]{figure.caption.1}{Board of Examiners}{}% 1
\BOOKMARK [0][-]{figure.caption.1}{Candidate's Declaration}{}% 2
\BOOKMARK [0][-]{chapter*.2}{Acknowledgment}{}% 3
\BOOKMARK [0][-]{chapter*.3}{Abstract}{}% 4
\BOOKMARK [0][-]{chapter.1}{Introduction}{}% 5
\BOOKMARK [0][-]{chapter.2}{Background and Related Work}{}% 6
\BOOKMARK [1][-]{section.2.1}{Cognitive Radio Definition}{chapter.2}% 7
\BOOKMARK [2][-]{subsection.2.1.1}{How does a cognitive radio physically work}{section.2.1}% 8
\BOOKMARK [0][-]{chapter.3}{System Model and Problem Definition}{}% 9
\BOOKMARK [1][-]{section.3.1}{System Model}{chapter.3}% 10
\BOOKMARK [1][-]{section.3.2}{Problem Definition}{chapter.3}% 11
\BOOKMARK [0][-]{chapter.4}{Proposed Methodology: Feedback-based Multi-radio Exploitation Approach}{}% 12
\BOOKMARK [1][-]{section.4.1}{Overview of The Proposed Approach}{chapter.4}% 13
\BOOKMARK [1][-]{section.4.2}{Radio Selection Based on Packet Transmission Ratio}{chapter.4}% 14
\BOOKMARK [1][-]{section.4.3}{Channel Selection Based on Channel Utilization Ratio}{chapter.4}% 15
\BOOKMARK [1][-]{section.4.4}{Variants of Our Proposed Approach}{chapter.4}% 16
\BOOKMARK [0][-]{chapter.5}{Experimental Evaluation}{}% 17
\BOOKMARK [1][-]{section.5.1}{Simulator Modifications}{chapter.5}% 18
\BOOKMARK [1][-]{section.5.2}{Simulation Settings}{chapter.5}% 19
\BOOKMARK [1][-]{section.5.3}{Simulation Results and Analysis}{chapter.5}% 20
\BOOKMARK [1][-]{section.5.4}{Simulation Findings}{chapter.5}% 21
\BOOKMARK [0][-]{chapter.6}{Future Work}{}% 22
\BOOKMARK [0][-]{chapter.7}{Conclusion}{}% 23
